<?xml version="1.0" encoding="UTF-8"?>
<!-- Generated by org.testng.reporters.JUnitXMLReporter -->
<testsuite ignored="0" hostname="DESKTOP-SE1G6PR" failures="0" tests="1" name="FirefoxTest" time="2.162" errors="0" timestamp="2021-11-12T23:04:39 IST">
  <testcase classname="pack1.CrossBrowser" name="@BeforeTest setup" time="1.999">
    <failure type="org.openqa.selenium.SessionNotCreatedException" message="session not created: No matching capabilities found
Build info: version: &amp;apos;3.141.59&amp;apos;, revision: &amp;apos;e82be7d358&amp;apos;, time: &amp;apos;2018-11-14T08:17:03&amp;apos;
System info: host: &amp;apos;DESKTOP-SE1G6PR&amp;apos;, ip: &amp;apos;192.168.0.198&amp;apos;, os.name: &amp;apos;Windows 10&amp;apos;, os.arch: &amp;apos;amd64&amp;apos;, os.version: &amp;apos;10.0&amp;apos;, java.version: &amp;apos;16.0.1&amp;apos;
Driver info: driver.version: FirefoxDriver
remote stacktrace: Backtrace:
	Ordinal0 [0x011506F3+2492147]
	Ordinal0 [0x010E9BD1+2071505]
	Ordinal0 [0x00FF2478+1057912]
	Ordinal0 [0x010392AE+1348270]
	Ordinal0 [0x0103890C+1345804]
	Ordinal0 [0x01039BE5+1350629]
	Ordinal0 [0x01039A6A+1350250]
	Ordinal0 [0x0103568B+1332875]
	Ordinal0 [0x010121D4+1188308]
	Ordinal0 [0x0101302F+1191983]
	GetHandleVerifier [0x012D67A6+1545030]
	GetHandleVerifier [0x0138105C+2243580]
	GetHandleVerifier [0x011DBC97+518199]
	GetHandleVerifier [0x011DAD80+514336]
	Ordinal0 [0x010EED2D+2092333]
	Ordinal0 [0x010F2EE8+2109160]
	Ordinal0 [0x010F3022+2109474]
	Ordinal0 [0x010FCB71+2149233]
	BaseThreadInitThunk [0x75D2FA29+25]
	RtlGetAppContainerNamedObjectPath [0x77CC7A9E+286]
	RtlGetAppContainerNamedObjectPath [0x77CC7A6E+238]
">
      <![CDATA[org.openqa.selenium.SessionNotCreatedException: session not created: No matching capabilities found
Build info: version: '3.141.59', revision: 'e82be7d358', time: '2018-11-14T08:17:03'
System info: host: 'DESKTOP-SE1G6PR', ip: '192.168.0.198', os.name: 'Windows 10', os.arch: 'amd64', os.version: '10.0', java.version: '16.0.1'
Driver info: driver.version: FirefoxDriver
remote stacktrace: Backtrace:
Ordinal0 [0x011506F3+2492147]
Ordinal0 [0x010E9BD1+2071505]
Ordinal0 [0x00FF2478+1057912]
Ordinal0 [0x010392AE+1348270]
Ordinal0 [0x0103890C+1345804]
Ordinal0 [0x01039BE5+1350629]
Ordinal0 [0x01039A6A+1350250]
Ordinal0 [0x0103568B+1332875]
Ordinal0 [0x010121D4+1188308]
Ordinal0 [0x0101302F+1191983]
GetHandleVerifier [0x012D67A6+1545030]
GetHandleVerifier [0x0138105C+2243580]
GetHandleVerifier [0x011DBC97+518199]
GetHandleVerifier [0x011DAD80+514336]
Ordinal0 [0x010EED2D+2092333]
Ordinal0 [0x010F2EE8+2109160]
Ordinal0 [0x010F3022+2109474]
Ordinal0 [0x010FCB71+2149233]
BaseThreadInitThunk [0x75D2FA29+25]
RtlGetAppContainerNamedObjectPath [0x77CC7A9E+286]
RtlGetAppContainerNamedObjectPath [0x77CC7A6E+238]

at org.openqa.selenium.remote.W3CHandshakeResponse.lambda$errorHandler$0(W3CHandshakeResponse.java:62)
at org.openqa.selenium.remote.HandshakeResponse.lambda$getResponseFunction$0(HandshakeResponse.java:30)
at org.openqa.selenium.remote.ProtocolHandshake.lambda$createSession$0(ProtocolHandshake.java:126)
at java.base/java.util.stream.ReferencePipeline$3$1.accept(ReferencePipeline.java:197)
at java.base/java.util.Spliterators$ArraySpliterator.tryAdvance(Spliterators.java:958)
at java.base/java.util.stream.ReferencePipeline.forEachWithCancel(ReferencePipeline.java:129)
at java.base/java.util.stream.AbstractPipeline.copyIntoWithCancel(AbstractPipeline.java:502)
at java.base/java.util.stream.AbstractPipeline.copyInto(AbstractPipeline.java:488)
at java.base/java.util.stream.AbstractPipeline.wrapAndCopyInto(AbstractPipeline.java:474)
at java.base/java.util.stream.FindOps$FindOp.evaluateSequential(FindOps.java:150)
at java.base/java.util.stream.AbstractPipeline.evaluate(AbstractPipeline.java:234)
at java.base/java.util.stream.ReferencePipeline.findFirst(ReferencePipeline.java:647)
at org.openqa.selenium.remote.ProtocolHandshake.createSession(ProtocolHandshake.java:128)
at org.openqa.selenium.remote.ProtocolHandshake.createSession(ProtocolHandshake.java:74)
at org.openqa.selenium.remote.HttpCommandExecutor.execute(HttpCommandExecutor.java:136)
at org.openqa.selenium.remote.service.DriverCommandExecutor.execute(DriverCommandExecutor.java:83)
at org.openqa.selenium.remote.RemoteWebDriver.execute(RemoteWebDriver.java:552)
at org.openqa.selenium.remote.RemoteWebDriver.startSession(RemoteWebDriver.java:213)
at org.openqa.selenium.remote.RemoteWebDriver.<init>(RemoteWebDriver.java:131)
at org.openqa.selenium.firefox.FirefoxDriver.<init>(FirefoxDriver.java:147)
at org.openqa.selenium.firefox.FirefoxDriver.<init>(FirefoxDriver.java:125)
at pack1.CrossBrowser.setup(CrossBrowser.java:18)
at java.base/java.util.concurrent.FutureTask.run(FutureTask.java:264)
at java.base/java.util.concurrent.ThreadPoolExecutor.runWorker(ThreadPoolExecutor.java:1130)
at java.base/java.util.concurrent.ThreadPoolExecutor$Worker.run(ThreadPoolExecutor.java:630)
at java.base/java.lang.Thread.run(Thread.java:831)
... Removed 20 stack frames]]>
    </failure>
  </testcase> <!-- @BeforeTest setup -->
  <testcase classname="pack1.CrossBrowser" name="demo" time="0.0">
    <skipped/>
  </testcase> <!-- demo -->
</testsuite> <!-- FirefoxTest -->
