<?xml version="1.0" encoding="UTF-8"?>
<testsuite xmlns:xsi="http://www.w3.org/2001/XMLSchema-instance" xsi:noNamespaceSchemaLocation="https://maven.apache.org/surefire/maven-surefire-plugin/xsd/surefire-test-report-3.0.xsd" version="3.0" name="TestSuite" time="31.56" tests="3" errors="0" skipped="1" failures="1">
  <properties>
[...]
</properties>
  <testcase name="setup[firefox](0)" classname="pack1.CrossBrowser" time="2.789">
    <failure message="session not created: No matching capabilities found&#10;Build info: version: &apos;3.141.59&apos;, revision: &apos;e82be7d358&apos;, time: &apos;2018-11-14T08:17:03&apos;&#10;System info: host: &apos;DESKTOP-SE1G6PR&apos;, ip: &apos;192.168.0.198&apos;, os.name: &apos;Windows 10&apos;, os.arch: &apos;amd64&apos;, os.version: &apos;10.0&apos;, java.version: &apos;16.0.1&apos;&#10;Driver info: driver.version: FirefoxDriver&#10;remote stacktrace: Backtrace:&#10;	Ordinal0 [0x011506F3+2492147]&#10;	Ordinal0 [0x010E9BD1+2071505]&#10;	Ordinal0 [0x00FF2478+1057912]&#10;	Ordinal0 [0x010392AE+1348270]&#10;	Ordinal0 [0x0103890C+1345804]&#10;	Ordinal0 [0x01039BE5+1350629]&#10;	Ordinal0 [0x01039A6A+1350250]&#10;	Ordinal0 [0x0103568B+1332875]&#10;	Ordinal0 [0x010121D4+1188308]&#10;	Ordinal0 [0x0101302F+1191983]&#10;	GetHandleVerifier [0x012D67A6+1545030]&#10;	GetHandleVerifier [0x0138105C+2243580]&#10;	GetHandleVerifier [0x011DBC97+518199]&#10;	GetHandleVerifier [0x011DAD80+514336]&#10;	Ordinal0 [0x010EED2D+2092333]&#10;	Ordinal0 [0x010F2EE8+2109160]&#10;	Ordinal0 [0x010F3022+2109474]&#10;	Ordinal0 [0x010FCB71+2149233]&#10;	BaseThreadInitThunk [0x75D2FA29+25]&#10;	RtlGetAppContainerNamedObjectPath [0x77CC7A9E+286]&#10;	RtlGetAppContainerNamedObjectPath [0x77CC7A6E+238]&#10;" type="org.openqa.selenium.SessionNotCreatedException"><![CDATA[org.openqa.selenium.SessionNotCreatedException: 
session not created: No matching capabilities found
Build info: version: '3.141.59', revision: 'e82be7d358', time: '2018-11-14T08:17:03'
System info: host: 'DESKTOP-SE1G6PR', ip: '192.168.0.198', os.name: 'Windows 10', os.arch: 'amd64', os.version: '10.0', java.version: '16.0.1'
Driver info: driver.version: FirefoxDriver
remote stacktrace: Backtrace:
	Ordinal0 [0x011506F3+2492147]
	Ordinal0 [0x010E9BD1+2071505]
	Ordinal0 [0x00FF2478+1057912]
	Ordinal0 [0x010392AE+1348270]
	Ordinal0 [0x0103890C+1345804]
	Ordinal0 [0x01039BE5+1350629]
	Ordinal0 [0x01039A6A+1350250]
	Ordinal0 [0x0103568B+1332875]
	Ordinal0 [0x010121D4+1188308]
	Ordinal0 [0x0101302F+1191983]
	GetHandleVerifier [0x012D67A6+1545030]
	GetHandleVerifier [0x0138105C+2243580]
	GetHandleVerifier [0x011DBC97+518199]
	GetHandleVerifier [0x011DAD80+514336]
	Ordinal0 [0x010EED2D+2092333]
	Ordinal0 [0x010F2EE8+2109160]
	Ordinal0 [0x010F3022+2109474]
	Ordinal0 [0x010FCB71+2149233]
	BaseThreadInitThunk [0x75D2FA29+25]
	RtlGetAppContainerNamedObjectPath [0x77CC7A9E+286]
	RtlGetAppContainerNamedObjectPath [0x77CC7A6E+238]

	at pack1.CrossBrowser.setup(CrossBrowser.java:18)
]]></failure>
    <system-err><![CDATA[SSttaartritngi nCgh roCmehDrriomveeDrr i9v5e.0r. 469358..05.44 6(3d83.15a48 2(1de3c19a081f2618dec09d3014fc6cd8dba0dea344c5bc4dcb8a6eace4554b34ce-86rceef5s/43bera-nrechfs-/hberadans/ch4-6h3e8@ad{s#8/7416})38 o@n{ #8po71rt}) 8 0on4 8po
Ornt ly3 29lo50ca
lO cnloyn nleoctcialon cso nanerctei aolnls oawered. a
llPloweeadse. 
sPelee hastte psse:/e /hchttrpoms:ed/r/civhreor.mcedhrriovmieur.m.ocrhgr/osmeicuumr.iotryg/-sceocunsriitdey-racotinsonids erfaort isoungsg efsotri osnusg goens tkeioenpsi nogn  CkhreoempeinDrgi vCehrr osamfee.Dri
ver safe.
ChromeDriver was started successfully.
ChromeDriver was started successfully.
]]></system-err>
  </testcase>
  <testcase name="demo" classname="pack1.CrossBrowser" time="0">
    <skipped message="session not created: No matching capabilities found&#10;Build info: version: &apos;3.141.59&apos;, revision: &apos;e82be7d358&apos;, time: &apos;2018-11-14T08:17:03&apos;&#10;System info: host: &apos;DESKTOP-SE1G6PR&apos;, ip: &apos;192.168.0.198&apos;, os.name: &apos;Windows 10&apos;, os.arch: &apos;amd64&apos;, os.version: &apos;10.0&apos;, java.version: &apos;16.0.1&apos;&#10;Driver info: driver.version: FirefoxDriver&#10;remote stacktrace: Backtrace:&#10;	Ordinal0 [0x011506F3+2492147]&#10;	Ordinal0 [0x010E9BD1+2071505]&#10;	Ordinal0 [0x00FF2478+1057912]&#10;	Ordinal0 [0x010392AE+1348270]&#10;	Ordinal0 [0x0103890C+1345804]&#10;	Ordinal0 [0x01039BE5+1350629]&#10;	Ordinal0 [0x01039A6A+1350250]&#10;	Ordinal0 [0x0103568B+1332875]&#10;	Ordinal0 [0x010121D4+1188308]&#10;	Ordinal0 [0x0101302F+1191983]&#10;	GetHandleVerifier [0x012D67A6+1545030]&#10;	GetHandleVerifier [0x0138105C+2243580]&#10;	GetHandleVerifier [0x011DBC97+518199]&#10;	GetHandleVerifier [0x011DAD80+514336]&#10;	Ordinal0 [0x010EED2D+2092333]&#10;	Ordinal0 [0x010F2EE8+2109160]&#10;	Ordinal0 [0x010F3022+2109474]&#10;	Ordinal0 [0x010FCB71+2149233]&#10;	BaseThreadInitThunk [0x75D2FA29+25]&#10;	RtlGetAppContainerNamedObjectPath [0x77CC7A9E+286]&#10;	RtlGetAppContainerNamedObjectPath [0x77CC7A6E+238]&#10;"/>
  </testcase>
  <testcase name="demo" classname="pack1.CrossBrowser" time="27.177">
    <system-err><![CDATA[Nov 12, 2021 11:04:40 PM org.openqa.selenium.remote.ProtocolHandshake createSession
INFO: Detected dialect: W3C
]]></system-err>
  </testcase>
</testsuite>