<?xml version="1.0" encoding="UTF-8"?>
<testng-results ignored="0" total="2" passed="2" failed="0" skipped="0">
  <reporter-output>
  </reporter-output>
  <suite started-at="2021-11-14T20:38:31 IST" name="Suite1" finished-at="2021-11-14T20:39:40 IST" duration-ms="68603">
    <groups>
    </groups>
    <test started-at="2021-11-14T20:38:31 IST" name="FirefoxTest" finished-at="2021-11-14T20:39:09 IST" duration-ms="37851">
      <class name="pack1.CrossBrowser">
        <test-method is-config="true" signature="setup(java.lang.String)[pri:0, instance:pack1.CrossBrowser@3d74bf60]" started-at="2021-11-14T20:38:31 IST" name="setup" finished-at="2021-11-14T20:38:37 IST" duration-ms="6111" status="PASS">
          <params>
            <param index="0">
              <value>
                <![CDATA[chrome]]>
              </value>
            </param>
          </params>
          <reporter-output>
          </reporter-output>
        </test-method> <!-- setup -->
        <test-method signature="demo()[pri:0, instance:pack1.CrossBrowser@3d74bf60]" started-at="2021-11-14T20:38:37 IST" name="demo" finished-at="2021-11-14T20:39:09 IST" duration-ms="31653" status="PASS">
          <reporter-output>
          </reporter-output>
        </test-method> <!-- demo -->
      </class> <!-- pack1.CrossBrowser -->
    </test> <!-- FirefoxTest -->
    <test started-at="2021-11-14T20:38:31 IST" name="ChromeTest" finished-at="2021-11-14T20:39:40 IST" duration-ms="68603">
      <class name="pack1.CrossBrowser">
        <test-method is-config="true" signature="setup(java.lang.String)[pri:0, instance:pack1.CrossBrowser@6dc17b83]" started-at="2021-11-14T20:38:31 IST" name="setup" finished-at="2021-11-14T20:39:08 IST" duration-ms="36859" status="PASS">
          <params>
            <param index="0">
              <value>
                <![CDATA[firefox]]>
              </value>
            </param>
          </params>
          <reporter-output>
          </reporter-output>
        </test-method> <!-- setup -->
        <test-method signature="demo()[pri:0, instance:pack1.CrossBrowser@6dc17b83]" started-at="2021-11-14T20:39:08 IST" name="demo" finished-at="2021-11-14T20:39:40 IST" duration-ms="31711" status="PASS">
          <reporter-output>
          </reporter-output>
        </test-method> <!-- demo -->
      </class> <!-- pack1.CrossBrowser -->
    </test> <!-- ChromeTest -->
  </suite> <!-- Suite1 -->
</testng-results>
